[2023-05-15 00:24:30] local.ERROR: Array to string conversion (View: /www/wwwroot/www.3cc0.com/vendor/encore/laravel-admin/resources/views/index.blade.php) {"userId":1,"exception":"[object] (Facade\\Ignition\\Exceptions\\ViewException(code: 0): Array to string conversion (View: /www/wwwroot/www.3cc0.com/vendor/encore/laravel-admin/resources/views/index.blade.php) at /www/wwwroot/www.3cc0.com/vendor/encore/laravel-admin/src/../resources/views/index.blade.php:27)
[stacktrace]
#0 [internal function]: Illuminate\\Foundation\\Bootstrap\\HandleExceptions->handleError(8, 'Array to string...', '/www/wwwroot/ww...', 29, Array)
#1 /www/wwwroot/www.3cc0.com/vendor/encore/laravel-admin/src/../resources/views/index.blade.php(27): join(' ', Array)
#2 /www/wwwroot/www.3cc0.com/vendor/laravel/framework/src/Illuminate/View/Engines/PhpEngine.php(43): include('/www/wwwroot/ww...')
#3 /www/wwwroot/www.3cc0.com/vendor/laravel/framework/src/Illuminate/View/Engines/CompilerEngine.php(59): Illuminate\\View\\Engines\\PhpEngine->evaluatePath('/www/wwwroot/ww...', Array)
#4 /www/wwwroot/www.3cc0.com/vendor/facade/ignition/src/Views/Engines/CompilerEngine.php(36): Illuminate\\View\\Engines\\CompilerEngine->get('/www/wwwroot/ww...', Array)
#5 /www/wwwroot/www.3cc0.com/vendor/laravel/framework/src/Illuminate/View/View.php(143): Facade\\Ignition\\Views\\Engines\\CompilerEngine->get('/www/wwwroot/ww...', Array)
#6 /www/wwwroot/www.3cc0.com/vendor/laravel/framework/src/Illuminate/View/View.php(126): Illuminate\\View\\View->getContents()
#7 /www/wwwroot/www.3cc0.com/vendor/laravel/framework/src/Illuminate/View/View.php(91): Illuminate\\View\\View->renderContents()
#8 /www/wwwroot/www.3cc0.com/vendor/encore/laravel-admin/src/../resources/views/content.blade.php(75): Illuminate\\View\\View->render()
#9 /www/wwwroot/www.3cc0.com/vendor/laravel/framework/src/Illuminate/View/Engines/PhpEngine.php(43): include('/www/wwwroot/ww...')
#10 /www/wwwroot/www.3cc0.com/vendor/laravel/framework/src/Illuminate/View/Engines/CompilerEngine.php(59): Illuminate\\View\\Engines\\PhpEngine->evaluatePath('/www/wwwroot/ww...', Array)
#11 /www/wwwroot/www.3cc0.com/vendor/facade/ignition/src/Views/Engines/CompilerEngine.php(36): Illuminate\\View\\Engines\\CompilerEngine->get('/www/wwwroot/ww...', Array)
#12 /www/wwwroot/www.3cc0.com/vendor/laravel/framework/src/Illuminate/View/View.php(143): Facade\\Ignition\\Views\\Engines\\CompilerEngine->get('/www/wwwroot/ww...', Array)
#13 /www/wwwroot/www.3cc0.com/vendor/laravel/framework/src/Illuminate/View/View.php(126): Illuminate\\View\\View->getContents()
#14 /www/wwwroot/www.3cc0.com/vendor/laravel/framework/src/Illuminate/View/View.php(91): Illuminate\\View\\View->renderContents()
#15 /www/wwwroot/www.3cc0.com/vendor/encore/laravel-admin/src/Layout/Content.php(313): Illuminate\\View\\View->render()
#16 /www/wwwroot/www.3cc0.com/vendor/laravel/framework/src/Illuminate/Http/Response.php(42): Encore\\Admin\\Layout\\Content->render()
#17 /www/wwwroot/www.3cc0.com/vendor/symfony/http-foundation/Response.php(205): Illuminate\\Http\\Response->setContent(Object(Encore\\Admin\\Layout\\Content))
#18 /www/wwwroot/www.3cc0.com/vendor/laravel/framework/src/Illuminate/Routing/ResponseFactory.php(55): Symfony\\Component\\HttpFoundation\\Response->__construct(Object(Encore\\Admin\\Layout\\Content), 200, Array)
#19 /www/wwwroot/www.3cc0.com/vendor/laravel/framework/src/Illuminate/Foundation/helpers.php(762): Illuminate\\Routing\\ResponseFactory->make(Object(Encore\\Admin\\Layout\\Content), 200, Array)
#20 /www/wwwroot/www.3cc0.com/vendor/encore/laravel-admin/src/Auth/Permission.php(87): response(Object(Encore\\Admin\\Layout\\Content))
#21 /www/wwwroot/www.3cc0.com/vendor/encore/laravel-admin/src/Middleware/Permission.php(43): Encore\\Admin\\Auth\\Permission::error()
#22 /www/wwwroot/www.3cc0.com/vendor/laravel/framework/src/Illuminate/Pipeline/Pipeline.php(171): Encore\\Admin\\Middleware\\Permission->handle(Object(Illuminate\\Http\\Request), Object(Closure))
#23 /www/wwwroot/www.3cc0.com/vendor/encore/laravel-admin/src/Middleware/Bootstrap.php(15): Illuminate\\Pipeline\\Pipeline->Illuminate\\Pipeline\\{closure}(Object(Illuminate\\Http\\Request))
#24 /www/wwwroot/www.3cc0.com/vendor/laravel/framework/src/Illuminate/Pipeline/Pipeline.php(171): Encore\\Admin\\Middleware\\Bootstrap->handle(Object(Illuminate\\Http\\Request), Object(Closure))
#25 /www/wwwroot/www.3cc0.com/vendor/encore/laravel-admin/src/Middleware/LogOperation.php(38): Illuminate\\Pipeline\\Pipeline->Illuminate\\Pipeline\\{closure}(Object(Illuminate\\Http\\Request))
#26 /www/wwwroot/www.3cc0.com/vendor/laravel/framework/src/Illuminate/Pipeline/Pipeline.php(171): Encore\\Admin\\Middleware\\LogOperation->handle(Object(Illuminate\\Http\\Request), Object(Closure))
#27 /www/wwwroot/www.3cc0.com/vendor/encore/laravel-admin/src/Middleware/Pjax.php(24): Illuminate\\Pipeline\\Pipeline->Illuminate\\Pipeline\\{closure}(Object(Illuminate\\Http\\Request))
#28 /www/wwwroot/www.3cc0.com/vendor/laravel/framework/src/Illuminate/Pipeline/Pipeline.php(171): Encore\\Admin\\Middleware\\Pjax->handle(Object(Illuminate\\Http\\Request), Object(Closure))
#29 /www/wwwroot/www.3cc0.com/vendor/encore/laravel-admin/src/Middleware/Authenticate.php(28): Illuminate\\Pipeline\\Pipeline->Illuminate\\Pipeline\\{closure}(Object(Illuminate\\Http\\Request))
#30 /www/wwwroot/www.3cc0.com/vendor/laravel/framework/src/Illuminate/Pipeline/Pipeline.php(171): Encore\\Admin\\Middleware\\Authenticate->handle(Object(Illuminate\\Http\\Request), Object(Closure))
#31 /www/wwwroot/www.3cc0.com/vendor/laravel/framework/src/Illuminate/Routing/Middleware/SubstituteBindings.php(41): Illuminate\\Pipeline\\Pipeline->Illuminate\\Pipeline\\{closure}(Object(Illuminate\\Http\\Request))
#32 /www/wwwroot/www.3cc0.com/vendor/laravel/framework/src/Illuminate/Pipeline/Pipeline.php(171): Illuminate\\Routing\\Middleware\\SubstituteBindings->handle(Object(Illuminate\\Http\\Request), Object(Closure))
#33 /www/wwwroot/www.3cc0.com/vendor/laravel/framework/src/Illuminate/Foundation/Http/Middleware/VerifyCsrfToken.php(78): Illuminate\\Pipeline\\Pipeline->Illuminate\\Pipeline\\{closure}(Object(Illuminate\\Http\\Request))
#34 /www/wwwroot/www.3cc0.com/vendor/laravel/framework/src/Illuminate/Pipeline/Pipeline.php(171): Illuminate\\Foundation\\Http\\Middleware\\VerifyCsrfToken->handle(Object(Illuminate\\Http\\Request), Object(Closure))
#35 /www/wwwroot/www.3cc0.com/vendor/laravel/framework/src/Illuminate/View/Middleware/ShareErrorsFromSession.php(49): Illuminate\\Pipeline\\Pipeline->Illuminate\\Pipeline\\{closure}(Object(Illuminate\\Http\\Request))
#36 /www/wwwroot/www.3cc0.com/vendor/laravel/framework/src/Illuminate/Pipeline/Pipeline.php(171): Illuminate\\View\\Middleware\\ShareErrorsFromSession->handle(Object(Illuminate\\Http\\Request), Object(Closure))
#37 /www/wwwroot/www.3cc0.com/vendor/laravel/framework/src/Illuminate/Session/Middleware/StartSession.php(56): Illuminate\\Pipeline\\Pipeline->Illuminate\\Pipeline\\{closure}(Object(Illuminate\\Http\\Request))
#38 /www/wwwroot/www.3cc0.com/vendor/laravel/framework/src/Illuminate/Pipeline/Pipeline.php(171): Illuminate\\Session\\Middleware\\StartSession->handle(Object(Illuminate\\Http\\Request), Object(Closure))
#39 /www/wwwroot/www.3cc0.com/vendor/laravel/framework/src/Illuminate/Cookie/Middleware/AddQueuedCookiesToResponse.php(37): Illuminate\\Pipeline\\Pipeline->Illuminate\\Pipeline\\{closure}(Object(Illuminate\\Http\\Request))
#40 /www/wwwroot/www.3cc0.com/vendor/laravel/framework/src/Illuminate/Pipeline/Pipeline.php(171): Illuminate\\Cookie\\Middleware\\AddQueuedCookiesToResponse->handle(Object(Illuminate\\Http\\Request), Object(Closure))
#41 /www/wwwroot/www.3cc0.com/vendor/laravel/framework/src/Illuminate/Cookie/Middleware/EncryptCookies.php(67): Illuminate\\Pipeline\\Pipeline->Illuminate\\Pipeline\\{closure}(Object(Illuminate\\Http\\Request))
#42 /www/wwwroot/www.3cc0.com/vendor/laravel/framework/src/Illuminate/Pipeline/Pipeline.php(171): Illuminate\\Cookie\\Middleware\\EncryptCookies->handle(Object(Illuminate\\Http\\Request), Object(Closure))
#43 /www/wwwroot/www.3cc0.com/vendor/dcat/laravel-admin/src/Http/Middleware/Application.php(15): Illuminate\\Pipeline\\Pipeline->Illuminate\\Pipeline\\{closure}(Object(Illuminate\\Http\\Request))
#44 /www/wwwroot/www.3cc0.com/vendor/laravel/framework/src/Illuminate/Pipeline/Pipeline.php(171): Dcat\\Admin\\Http\\Middleware\\Application->handle(Object(Illuminate\\Http\\Request), Object(Closure), 'admin')
#45 /www/wwwroot/www.3cc0.com/vendor/laravel/framework/src/Illuminate/Pipeline/Pipeline.php(105): Illuminate\\Pipeline\\Pipeline->Illuminate\\Pipeline\\{closure}(Object(Illuminate\\Http\\Request))
#46 /www/wwwroot/www.3cc0.com/vendor/laravel/framework/src/Illuminate/Routing/Router.php(683): Illuminate\\Pipeline\\Pipeline->then(Object(Closure))
#47 /www/wwwroot/www.3cc0.com/vendor/laravel/framework/src/Illuminate/Routing/Router.php(658): Illuminate\\Routing\\Router->runRouteWithinStack(Object(Illuminate\\Routing\\Route), Object(Illuminate\\Http\\Request))
#48 /www/wwwroot/www.3cc0.com/vendor/laravel/framework/src/Illuminate/Routing/Router.php(624): Illuminate\\Routing\\Router->runRoute(Object(Illuminate\\Http\\Request), Object(Illuminate\\Routing\\Route))
#49 /www/wwwroot/www.3cc0.com/vendor/laravel/framework/src/Illuminate/Routing/Router.php(613): Illuminate\\Routing\\Router->dispatchToRoute(Object(Illuminate\\Http\\Request))
#50 /www/wwwroot/www.3cc0.com/vendor/laravel/framework/src/Illuminate/Foundation/Http/Kernel.php(170): Illuminate\\Routing\\Router->dispatch(Object(Illuminate\\Http\\Request))
#51 /www/wwwroot/www.3cc0.com/vendor/laravel/framework/src/Illuminate/Pipeline/Pipeline.php(130): Illuminate\\Foundation\\Http\\Kernel->Illuminate\\Foundation\\Http\\{closure}(Object(Illuminate\\Http\\Request))
#52 /www/wwwroot/www.3cc0.com/vendor/laravel/framework/src/Illuminate/Foundation/Http/Middleware/TransformsRequest.php(21): Illuminate\\Pipeline\\Pipeline->Illuminate\\Pipeline\\{closure}(Object(Illuminate\\Http\\Request))
#53 /www/wwwroot/www.3cc0.com/vendor/laravel/framework/src/Illuminate/Pipeline/Pipeline.php(171): Illuminate\\Foundation\\Http\\Middleware\\TransformsRequest->handle(Object(Illuminate\\Http\\Request), Object(Closure))
#54 /www/wwwroot/www.3cc0.com/vendor/laravel/framework/src/Illuminate/Foundation/Http/Middleware/TransformsRequest.php(21): Illuminate\\Pipeline\\Pipeline->Illuminate\\Pipeline\\{closure}(Object(Illuminate\\Http\\Request))
#55 /www/wwwroot/www.3cc0.com/vendor/laravel/framework/src/Illuminate/Pipeline/Pipeline.php(171): Illuminate\\Foundation\\Http\\Middleware\\TransformsRequest->handle(Object(Illuminate\\Http\\Request), Object(Closure))
#56 /www/wwwroot/www.3cc0.com/vendor/laravel/framework/src/Illuminate/Foundation/Http/Middleware/ValidatePostSize.php(27): Illuminate\\Pipeline\\Pipeline->Illuminate\\Pipeline\\{closure}(Object(Illuminate\\Http\\Request))
#57 /www/wwwroot/www.3cc0.com/vendor/laravel/framework/src/Illuminate/Pipeline/Pipeline.php(171): Illuminate\\Foundation\\Http\\Middleware\\ValidatePostSize->handle(Object(Illuminate\\Http\\Request), Object(Closure))
#58 /www/wwwroot/www.3cc0.com/vendor/laravel/framework/src/Illuminate/Foundation/Http/Middleware/CheckForMaintenanceMode.php(63): Illuminate\\Pipeline\\Pipeline->Illuminate\\Pipeline\\{closure}(Object(Illuminate\\Http\\Request))
#59 /www/wwwroot/www.3cc0.com/vendor/laravel/framework/src/Illuminate/Pipeline/Pipeline.php(171): Illuminate\\Foundation\\Http\\Middleware\\CheckForMaintenanceMode->handle(Object(Illuminate\\Http\\Request), Object(Closure))
#60 /www/wwwroot/www.3cc0.com/vendor/fideloper/proxy/src/TrustProxies.php(57): Illuminate\\Pipeline\\Pipeline->Illuminate\\Pipeline\\{closure}(Object(Illuminate\\Http\\Request))
#61 /www/wwwroot/www.3cc0.com/vendor/laravel/framework/src/Illuminate/Pipeline/Pipeline.php(171): Fideloper\\Proxy\\TrustProxies->handle(Object(Illuminate\\Http\\Request), Object(Closure))
#62 /www/wwwroot/www.3cc0.com/vendor/laravel/framework/src/Illuminate/Pipeline/Pipeline.php(105): Illuminate\\Pipeline\\Pipeline->Illuminate\\Pipeline\\{closure}(Object(Illuminate\\Http\\Request))
#63 /www/wwwroot/www.3cc0.com/vendor/laravel/framework/src/Illuminate/Foundation/Http/Kernel.php(145): Illuminate\\Pipeline\\Pipeline->then(Object(Closure))
#64 /www/wwwroot/www.3cc0.com/vendor/laravel/framework/src/Illuminate/Foundation/Http/Kernel.php(110): Illuminate\\Foundation\\Http\\Kernel->sendRequestThroughRouter(Object(Illuminate\\Http\\Request))
#65 /www/wwwroot/www.3cc0.com/public/index.php(55): Illuminate\\Foundation\\Http\\Kernel->handle(Object(Illuminate\\Http\\Request))
#66 {main}

[previous exception] [object] (ErrorException(code: 0): Array to string conversion at /www/wwwroot/www.3cc0.com/storage/framework/views/612916f21f4e124a3f7a2717e4483f4508eca97a.php:29)
[stacktrace]
#0 [internal function]: Illuminate\\Foundation\\Bootstrap\\HandleExceptions->handleError(8, 'Array to string...', '/www/wwwroot/ww...', 29, Array)
#1 /www/wwwroot/www.3cc0.com/storage/framework/views/612916f21f4e124a3f7a2717e4483f4508eca97a.php(29): join(' ', Array)
#2 /www/wwwroot/www.3cc0.com/vendor/laravel/framework/src/Illuminate/View/Engines/PhpEngine.php(43): include('/www/wwwroot/ww...')
#3 /www/wwwroot/www.3cc0.com/vendor/laravel/framework/src/Illuminate/View/Engines/CompilerEngine.php(59): Illuminate\\View\\Engines\\PhpEngine->evaluatePath('/www/wwwroot/ww...', Array)
#4 /www/wwwroot/www.3cc0.com/vendor/facade/ignition/src/Views/Engines/CompilerEngine.php(36): Illuminate\\View\\Engines\\CompilerEngine->get('/www/wwwroot/ww...', Array)
#5 /www/wwwroot/www.3cc0.com/vendor/laravel/framework/src/Illuminate/View/View.php(143): Facade\\Ignition\\Views\\Engines\\CompilerEngine->get('/www/wwwroot/ww...', Array)
#6 /www/wwwroot/www.3cc0.com/vendor/laravel/framework/src/Illuminate/View/View.php(126): Illuminate\\View\\View->getContents()
#7 /www/wwwroot/www.3cc0.com/vendor/laravel/framework/src/Illuminate/View/View.php(91): Illuminate\\View\\View->renderContents()
#8 /www/wwwroot/www.3cc0.com/storage/framework/views/9450f7593cc3dc6ff40170ef35ee22bd3c1f1fce.php(75): Illuminate\\View\\View->render()
#9 /www/wwwroot/www.3cc0.com/vendor/laravel/framework/src/Illuminate/View/Engines/PhpEngine.php(43): include('/www/wwwroot/ww...')
#10 /www/wwwroot/www.3cc0.com/vendor/laravel/framework/src/Illuminate/View/Engines/CompilerEngine.php(59): Illuminate\\View\\Engines\\PhpEngine->evaluatePath('/www/wwwroot/ww...', Array)
#11 /www/wwwroot/www.3cc0.com/vendor/facade/ignition/src/Views/Engines/CompilerEngine.php(36): Illuminate\\View\\Engines\\CompilerEngine->get('/www/wwwroot/ww...', Array)
#12 /www/wwwroot/www.3cc0.com/vendor/laravel/framework/src/Illuminate/View/View.php(143): Facade\\Ignition\\Views\\Engines\\CompilerEngine->get('/www/wwwroot/ww...', Array)
#13 /www/wwwroot/www.3cc0.com/vendor/laravel/framework/src/Illuminate/View/View.php(126): Illuminate\\View\\View->getContents()
#14 /www/wwwroot/www.3cc0.com/vendor/laravel/framework/src/Illuminate/View/View.php(91): Illuminate\\View\\View->renderContents()
#15 /www/wwwroot/www.3cc0.com/vendor/encore/laravel-admin/src/Layout/Content.php(313): Illuminate\\View\\View->render()
#16 /www/wwwroot/www.3cc0.com/vendor/laravel/framework/src/Illuminate/Http/Response.php(42): Encore\\Admin\\Layout\\Content->render()
#17 /www/wwwroot/www.3cc0.com/vendor/symfony/http-foundation/Response.php(205): Illuminate\\Http\\Response->setContent(Object(Encore\\Admin\\Layout\\Content))
#18 /www/wwwroot/www.3cc0.com/vendor/laravel/framework/src/Illuminate/Routing/ResponseFactory.php(55): Symfony\\Component\\HttpFoundation\\Response->__construct(Object(Encore\\Admin\\Layout\\Content), 200, Array)
#19 /www/wwwroot/www.3cc0.com/vendor/laravel/framework/src/Illuminate/Foundation/helpers.php(762): Illuminate\\Routing\\ResponseFactory->make(Object(Encore\\Admin\\Layout\\Content), 200, Array)
#20 /www/wwwroot/www.3cc0.com/vendor/encore/laravel-admin/src/Auth/Permission.php(87): response(Object(Encore\\Admin\\Layout\\Content))
#21 /www/wwwroot/www.3cc0.com/vendor/encore/laravel-admin/src/Middleware/Permission.php(43): Encore\\Admin\\Auth\\Permission::error()
#22 /www/wwwroot/www.3cc0.com/vendor/laravel/framework/src/Illuminate/Pipeline/Pipeline.php(171): Encore\\Admin\\Middleware\\Permission->handle(Object(Illuminate\\Http\\Request), Object(Closure))
#23 /www/wwwroot/www.3cc0.com/vendor/encore/laravel-admin/src/Middleware/Bootstrap.php(15): Illuminate\\Pipeline\\Pipeline->Illuminate\\Pipeline\\{closure}(Object(Illuminate\\Http\\Request))
#24 /www/wwwroot/www.3cc0.com/vendor/laravel/framework/src/Illuminate/Pipeline/Pipeline.php(171): Encore\\Admin\\Middleware\\Bootstrap->handle(Object(Illuminate\\Http\\Request), Object(Closure))
#25 /www/wwwroot/www.3cc0.com/vendor/encore/laravel-admin/src/Middleware/LogOperation.php(38): Illuminate\\Pipeline\\Pipeline->Illuminate\\Pipeline\\{closure}(Object(Illuminate\\Http\\Request))
#26 /www/wwwroot/www.3cc0.com/vendor/laravel/framework/src/Illuminate/Pipeline/Pipeline.php(171): Encore\\Admin\\Middleware\\LogOperation->handle(Object(Illuminate\\Http\\Request), Object(Closure))
#27 /www/wwwroot/www.3cc0.com/vendor/encore/laravel-admin/src/Middleware/Pjax.php(24): Illuminate\\Pipeline\\Pipeline->Illuminate\\Pipeline\\{closure}(Object(Illuminate\\Http\\Request))
#28 /www/wwwroot/www.3cc0.com/vendor/laravel/framework/src/Illuminate/Pipeline/Pipeline.php(171): Encore\\Admin\\Middleware\\Pjax->handle(Object(Illuminate\\Http\\Request), Object(Closure))
#29 /www/wwwroot/www.3cc0.com/vendor/encore/laravel-admin/src/Middleware/Authenticate.php(28): Illuminate\\Pipeline\\Pipeline->Illuminate\\Pipeline\\{closure}(Object(Illuminate\\Http\\Request))
#30 /www/wwwroot/www.3cc0.com/vendor/laravel/framework/src/Illuminate/Pipeline/Pipeline.php(171): Encore\\Admin\\Middleware\\Authenticate->handle(Object(Illuminate\\Http\\Request), Object(Closure))
#31 /www/wwwroot/www.3cc0.com/vendor/laravel/framework/src/Illuminate/Routing/Middleware/SubstituteBindings.php(41): Illuminate\\Pipeline\\Pipeline->Illuminate\\Pipeline\\{closure}(Object(Illuminate\\Http\\Request))
#32 /www/wwwroot/www.3cc0.com/vendor/laravel/framework/src/Illuminate/Pipeline/Pipeline.php(171): Illuminate\\Routing\\Middleware\\SubstituteBindings->handle(Object(Illuminate\\Http\\Request), Object(Closure))
#33 /www/wwwroot/www.3cc0.com/vendor/laravel/framework/src/Illuminate/Foundation/Http/Middleware/VerifyCsrfToken.php(78): Illuminate\\Pipeline\\Pipeline->Illuminate\\Pipeline\\{closure}(Object(Illuminate\\Http\\Request))
#34 /www/wwwroot/www.3cc0.com/vendor/laravel/framework/src/Illuminate/Pipeline/Pipeline.php(171): Illuminate\\Foundation\\Http\\Middleware\\VerifyCsrfToken->handle(Object(Illuminate\\Http\\Request), Object(Closure))
#35 /www/wwwroot/www.3cc0.com/vendor/laravel/framework/src/Illuminate/View/Middleware/ShareErrorsFromSession.php(49): Illuminate\\Pipeline\\Pipeline->Illuminate\\Pipeline\\{closure}(Object(Illuminate\\Http\\Request))
#36 /www/wwwroot/www.3cc0.com/vendor/laravel/framework/src/Illuminate/Pipeline/Pipeline.php(171): Illuminate\\View\\Middleware\\ShareErrorsFromSession->handle(Object(Illuminate\\Http\\Request), Object(Closure))
#37 /www/wwwroot/www.3cc0.com/vendor/laravel/framework/src/Illuminate/Session/Middleware/StartSession.php(56): Illuminate\\Pipeline\\Pipeline->Illuminate\\Pipeline\\{closure}(Object(Illuminate\\Http\\Request))
#38 /www/wwwroot/www.3cc0.com/vendor/laravel/framework/src/Illuminate/Pipeline/Pipeline.php(171): Illuminate\\Session\\Middleware\\StartSession->handle(Object(Illuminate\\Http\\Request), Object(Closure))
#39 /www/wwwroot/www.3cc0.com/vendor/laravel/framework/src/Illuminate/Cookie/Middleware/AddQueuedCookiesToResponse.php(37): Illuminate\\Pipeline\\Pipeline->Illuminate\\Pipeline\\{closure}(Object(Illuminate\\Http\\Request))
#40 /www/wwwroot/www.3cc0.com/vendor/laravel/framework/src/Illuminate/Pipeline/Pipeline.php(171): Illuminate\\Cookie\\Middleware\\AddQueuedCookiesToResponse->handle(Object(Illuminate\\Http\\Request), Object(Closure))
#41 /www/wwwroot/www.3cc0.com/vendor/laravel/framework/src/Illuminate/Cookie/Middleware/EncryptCookies.php(67): Illuminate\\Pipeline\\Pipeline->Illuminate\\Pipeline\\{closure}(Object(Illuminate\\Http\\Request))
#42 /www/wwwroot/www.3cc0.com/vendor/laravel/framework/src/Illuminate/Pipeline/Pipeline.php(171): Illuminate\\Cookie\\Middleware\\EncryptCookies->handle(Object(Illuminate\\Http\\Request), Object(Closure))
#43 /www/wwwroot/www.3cc0.com/vendor/dcat/laravel-admin/src/Http/Middleware/Application.php(15): Illuminate\\Pipeline\\Pipeline->Illuminate\\Pipeline\\{closure}(Object(Illuminate\\Http\\Request))
#44 /www/wwwroot/www.3cc0.com/vendor/laravel/framework/src/Illuminate/Pipeline/Pipeline.php(171): Dcat\\Admin\\Http\\Middleware\\Application->handle(Object(Illuminate\\Http\\Request), Object(Closure), 'admin')
#45 /www/wwwroot/www.3cc0.com/vendor/laravel/framework/src/Illuminate/Pipeline/Pipeline.php(105): Illuminate\\Pipeline\\Pipeline->Illuminate\\Pipeline\\{closure}(Object(Illuminate\\Http\\Request))
#46 /www/wwwroot/www.3cc0.com/vendor/laravel/framework/src/Illuminate/Routing/Router.php(683): Illuminate\\Pipeline\\Pipeline->then(Object(Closure))
#47 /www/wwwroot/www.3cc0.com/vendor/laravel/framework/src/Illuminate/Routing/Router.php(658): Illuminate\\Routing\\Router->runRouteWithinStack(Object(Illuminate\\Routing\\Route), Object(Illuminate\\Http\\Request))
#48 /www/wwwroot/www.3cc0.com/vendor/laravel/framework/src/Illuminate/Routing/Router.php(624): Illuminate\\Routing\\Router->runRoute(Object(Illuminate\\Http\\Request), Object(Illuminate\\Routing\\Route))
#49 /www/wwwroot/www.3cc0.com/vendor/laravel/framework/src/Illuminate/Routing/Router.php(613): Illuminate\\Routing\\Router->dispatchToRoute(Object(Illuminate\\Http\\Request))
#50 /www/wwwroot/www.3cc0.com/vendor/laravel/framework/src/Illuminate/Foundation/Http/Kernel.php(170): Illuminate\\Routing\\Router->dispatch(Object(Illuminate\\Http\\Request))
#51 /www/wwwroot/www.3cc0.com/vendor/laravel/framework/src/Illuminate/Pipeline/Pipeline.php(130): Illuminate\\Foundation\\Http\\Kernel->Illuminate\\Foundation\\Http\\{closure}(Object(Illuminate\\Http\\Request))
#52 /www/wwwroot/www.3cc0.com/vendor/laravel/framework/src/Illuminate/Foundation/Http/Middleware/TransformsRequest.php(21): Illuminate\\Pipeline\\Pipeline->Illuminate\\Pipeline\\{closure}(Object(Illuminate\\Http\\Request))
#53 /www/wwwroot/www.3cc0.com/vendor/laravel/framework/src/Illuminate/Pipeline/Pipeline.php(171): Illuminate\\Foundation\\Http\\Middleware\\TransformsRequest->handle(Object(Illuminate\\Http\\Request), Object(Closure))
#54 /www/wwwroot/www.3cc0.com/vendor/laravel/framework/src/Illuminate/Foundation/Http/Middleware/TransformsRequest.php(21): Illuminate\\Pipeline\\Pipeline->Illuminate\\Pipeline\\{closure}(Object(Illuminate\\Http\\Request))
#55 /www/wwwroot/www.3cc0.com/vendor/laravel/framework/src/Illuminate/Pipeline/Pipeline.php(171): Illuminate\\Foundation\\Http\\Middleware\\TransformsRequest->handle(Object(Illuminate\\Http\\Request), Object(Closure))
#56 /www/wwwroot/www.3cc0.com/vendor/laravel/framework/src/Illuminate/Foundation/Http/Middleware/ValidatePostSize.php(27): Illuminate\\Pipeline\\Pipeline->Illuminate\\Pipeline\\{closure}(Object(Illuminate\\Http\\Request))
#57 /www/wwwroot/www.3cc0.com/vendor/laravel/framework/src/Illuminate/Pipeline/Pipeline.php(171): Illuminate\\Foundation\\Http\\Middleware\\ValidatePostSize->handle(Object(Illuminate\\Http\\Request), Object(Closure))
#58 /www/wwwroot/www.3cc0.com/vendor/laravel/framework/src/Illuminate/Foundation/Http/Middleware/CheckForMaintenanceMode.php(63): Illuminate\\Pipeline\\Pipeline->Illuminate\\Pipeline\\{closure}(Object(Illuminate\\Http\\Request))
#59 /www/wwwroot/www.3cc0.com/vendor/laravel/framework/src/Illuminate/Pipeline/Pipeline.php(171): Illuminate\\Foundation\\Http\\Middleware\\CheckForMaintenanceMode->handle(Object(Illuminate\\Http\\Request), Object(Closure))
#60 /www/wwwroot/www.3cc0.com/vendor/fideloper/proxy/src/TrustProxies.php(57): Illuminate\\Pipeline\\Pipeline->Illuminate\\Pipeline\\{closure}(Object(Illuminate\\Http\\Request))
#61 /www/wwwroot/www.3cc0.com/vendor/laravel/framework/src/Illuminate/Pipeline/Pipeline.php(171): Fideloper\\Proxy\\TrustProxies->handle(Object(Illuminate\\Http\\Request), Object(Closure))
#62 /www/wwwroot/www.3cc0.com/vendor/laravel/framework/src/Illuminate/Pipeline/Pipeline.php(105): Illuminate\\Pipeline\\Pipeline->Illuminate\\Pipeline\\{closure}(Object(Illuminate\\Http\\Request))
#63 /www/wwwroot/www.3cc0.com/vendor/laravel/framework/src/Illuminate/Foundation/Http/Kernel.php(145): Illuminate\\Pipeline\\Pipeline->then(Object(Closure))
#64 /www/wwwroot/www.3cc0.com/vendor/laravel/framework/src/Illuminate/Foundation/Http/Kernel.php(110): Illuminate\\Foundation\\Http\\Kernel->sendRequestThroughRouter(Object(Illuminate\\Http\\Request))
#65 /www/wwwroot/www.3cc0.com/public/index.php(55): Illuminate\\Foundation\\Http\\Kernel->handle(Object(Illuminate\\Http\\Request))
#66 {main}
"} 
[2023-05-15 00:27:28] local.ERROR: Array to string conversion (View: /www/wwwroot/www.3cc0.com/vendor/encore/laravel-admin/resources/views/index.blade.php) {"userId":1,"exception":"[object] (Facade\\Ignition\\Exceptions\\ViewException(code: 0): Array to string conversion (View: /www/wwwroot/www.3cc0.com/vendor/encore/laravel-admin/resources/views/index.blade.php) at /www/wwwroot/www.3cc0.com/vendor/encore/laravel-admin/src/../resources/views/index.blade.php:27)
[stacktrace]
#0 [internal function]: Illuminate\\Foundation\\Bootstrap\\HandleExceptions->handleError(8, 'Array to string...', '/www/wwwroot/ww...', 29, Array)
#1 /www/wwwroot/www.3cc0.com/vendor/encore/laravel-admin/src/../resources/views/index.blade.php(27): join(' ', Array)
#2 /www/wwwroot/www.3cc0.com/vendor/laravel/framework/src/Illuminate/View/Engines/PhpEngine.php(43): include('/www/wwwroot/ww...')
#3 /www/wwwroot/www.3cc0.com/vendor/laravel/framework/src/Illuminate/View/Engines/CompilerEngine.php(59): Illuminate\\View\\Engines\\PhpEngine->evaluatePath('/www/wwwroot/ww...', Array)
#4 /www/wwwroot/www.3cc0.com/vendor/facade/ignition/src/Views/Engines/CompilerEngine.php(36): Illuminate\\View\\Engines\\CompilerEngine->get('/www/wwwroot/ww...', Array)
#5 /www/wwwroot/www.3cc0.com/vendor/laravel/framework/src/Illuminate/View/View.php(143): Facade\\Ignition\\Views\\Engines\\CompilerEngine->get('/www/wwwroot/ww...', Array)
#6 /www/wwwroot/www.3cc0.com/vendor/laravel/framework/src/Illuminate/View/View.php(126): Illuminate\\View\\View->getContents()
#7 /www/wwwroot/www.3cc0.com/vendor/laravel/framework/src/Illuminate/View/View.php(91): Illuminate\\View\\View->renderContents()
#8 /www/wwwroot/www.3cc0.com/vendor/encore/laravel-admin/src/../resources/views/content.blade.php(75): Illuminate\\View\\View->render()
#9 /www/wwwroot/www.3cc0.com/vendor/laravel/framework/src/Illuminate/View/Engines/PhpEngine.php(43): include('/www/wwwroot/ww...')
#10 /www/wwwroot/www.3cc0.com/vendor/laravel/framework/src/Illuminate/View/Engines/CompilerEngine.php(59): Illuminate\\View\\Engines\\PhpEngine->evaluatePath('/www/wwwroot/ww...', Array)
#11 /www/wwwroot/www.3cc0.com/vendor/facade/ignition/src/Views/Engines/CompilerEngine.php(36): Illuminate\\View\\Engines\\CompilerEngine->get('/www/wwwroot/ww...', Array)
#12 /www/wwwroot/www.3cc0.com/vendor/laravel/framework/src/Illuminate/View/View.php(143): Facade\\Ignition\\Views\\Engines\\CompilerEngine->get('/www/wwwroot/ww...', Array)
#13 /www/wwwroot/www.3cc0.com/vendor/laravel/framework/src/Illuminate/View/View.php(126): Illuminate\\View\\View->getContents()
#14 /www/wwwroot/www.3cc0.com/vendor/laravel/framework/src/Illuminate/View/View.php(91): Illuminate\\View\\View->renderContents()
#15 /www/wwwroot/www.3cc0.com/vendor/encore/laravel-admin/src/Layout/Content.php(313): Illuminate\\View\\View->render()
#16 /www/wwwroot/www.3cc0.com/vendor/laravel/framework/src/Illuminate/Http/Response.php(42): Encore\\Admin\\Layout\\Content->render()
#17 /www/wwwroot/www.3cc0.com/vendor/symfony/http-foundation/Response.php(205): Illuminate\\Http\\Response->setContent(Object(Encore\\Admin\\Layout\\Content))
#18 /www/wwwroot/www.3cc0.com/vendor/laravel/framework/src/Illuminate/Routing/ResponseFactory.php(55): Symfony\\Component\\HttpFoundation\\Response->__construct(Object(Encore\\Admin\\Layout\\Content), 200, Array)
#19 /www/wwwroot/www.3cc0.com/vendor/laravel/framework/src/Illuminate/Foundation/helpers.php(762): Illuminate\\Routing\\ResponseFactory->make(Object(Encore\\Admin\\Layout\\Content), 200, Array)
#20 /www/wwwroot/www.3cc0.com/vendor/encore/laravel-admin/src/Auth/Permission.php(87): response(Object(Encore\\Admin\\Layout\\Content))
#21 /www/wwwroot/www.3cc0.com/vendor/encore/laravel-admin/src/Middleware/Permission.php(43): Encore\\Admin\\Auth\\Permission::error()
#22 /www/wwwroot/www.3cc0.com/vendor/laravel/framework/src/Illuminate/Pipeline/Pipeline.php(171): Encore\\Admin\\Middleware\\Permission->handle(Object(Illuminate\\Http\\Request), Object(Closure))
#23 /www/wwwroot/www.3cc0.com/vendor/encore/laravel-admin/src/Middleware/Bootstrap.php(15): Illuminate\\Pipeline\\Pipeline->Illuminate\\Pipeline\\{closure}(Object(Illuminate\\Http\\Request))
#24 /www/wwwroot/www.3cc0.com/vendor/laravel/framework/src/Illuminate/Pipeline/Pipeline.php(171): Encore\\Admin\\Middleware\\Bootstrap->handle(Object(Illuminate\\Http\\Request), Object(Closure))
#25 /www/wwwroot/www.3cc0.com/vendor/encore/laravel-admin/src/Middleware/LogOperation.php(38): Illuminate\\Pipeline\\Pipeline->Illuminate\\Pipeline\\{closure}(Object(Illuminate\\Http\\Request))
#26 /www/wwwroot/www.3cc0.com/vendor/laravel/framework/src/Illuminate/Pipeline/Pipeline.php(171): Encore\\Admin\\Middleware\\LogOperation->handle(Object(Illuminate\\Http\\Request), Object(Closure))
#27 /www/wwwroot/www.3cc0.com/vendor/encore/laravel-admin/src/Middleware/Pjax.php(24): Illuminate\\Pipeline\\Pipeline->Illuminate\\Pipeline\\{closure}(Object(Illuminate\\Http\\Request))
#28 /www/wwwroot/www.3cc0.com/vendor/laravel/framework/src/Illuminate/Pipeline/Pipeline.php(171): Encore\\Admin\\Middleware\\Pjax->handle(Object(Illuminate\\Http\\Request), Object(Closure))
#29 /www/wwwroot/www.3cc0.com/vendor/encore/laravel-admin/src/Middleware/Authenticate.php(28): Illuminate\\Pipeline\\Pipeline->Illuminate\\Pipeline\\{closure}(Object(Illuminate\\Http\\Request))
#30 /www/wwwroot/www.3cc0.com/vendor/laravel/framework/src/Illuminate/Pipeline/Pipeline.php(171): Encore\\Admin\\Middleware\\Authenticate->handle(Object(Illuminate\\Http\\Request), Object(Closure))
#31 /www/wwwroot/www.3cc0.com/vendor/laravel/framework/src/Illuminate/Routing/Middleware/SubstituteBindings.php(41): Illuminate\\Pipeline\\Pipeline->Illuminate\\Pipeline\\{closure}(Object(Illuminate\\Http\\Request))
#32 /www/wwwroot/www.3cc0.com/vendor/laravel/framework/src/Illuminate/Pipeline/Pipeline.php(171): Illuminate\\Routing\\Middleware\\SubstituteBindings->handle(Object(Illuminate\\Http\\Request), Object(Closure))
#33 /www/wwwroot/www.3cc0.com/vendor/laravel/framework/src/Illuminate/Foundation/Http/Middleware/VerifyCsrfToken.php(78): Illuminate\\Pipeline\\Pipeline->Illuminate\\Pipeline\\{closure}(Object(Illuminate\\Http\\Request))
#34 /www/wwwroot/www.3cc0.com/vendor/laravel/framework/src/Illuminate/Pipeline/Pipeline.php(171): Illuminate\\Foundation\\Http\\Middleware\\VerifyCsrfToken->handle(Object(Illuminate\\Http\\Request), Object(Closure))
#35 /www/wwwroot/www.3cc0.com/vendor/laravel/framework/src/Illuminate/View/Middleware/ShareErrorsFromSession.php(49): Illuminate\\Pipeline\\Pipeline->Illuminate\\Pipeline\\{closure}(Object(Illuminate\\Http\\Request))
#36 /www/wwwroot/www.3cc0.com/vendor/laravel/framework/src/Illuminate/Pipeline/Pipeline.php(171): Illuminate\\View\\Middleware\\ShareErrorsFromSession->handle(Object(Illuminate\\Http\\Request), Object(Closure))
#37 /www/wwwroot/www.3cc0.com/vendor/laravel/framework/src/Illuminate/Session/Middleware/StartSession.php(56): Illuminate\\Pipeline\\Pipeline->Illuminate\\Pipeline\\{closure}(Object(Illuminate\\Http\\Request))
#38 /www/wwwroot/www.3cc0.com/vendor/laravel/framework/src/Illuminate/Pipeline/Pipeline.php(171): Illuminate\\Session\\Middleware\\StartSession->handle(Object(Illuminate\\Http\\Request), Object(Closure))
#39 /www/wwwroot/www.3cc0.com/vendor/laravel/framework/src/Illuminate/Cookie/Middleware/AddQueuedCookiesToResponse.php(37): Illuminate\\Pipeline\\Pipeline->Illuminate\\Pipeline\\{closure}(Object(Illuminate\\Http\\Request))
#40 /www/wwwroot/www.3cc0.com/vendor/laravel/framework/src/Illuminate/Pipeline/Pipeline.php(171): Illuminate\\Cookie\\Middleware\\AddQueuedCookiesToResponse->handle(Object(Illuminate\\Http\\Request), Object(Closure))
#41 /www/wwwroot/www.3cc0.com/vendor/laravel/framework/src/Illuminate/Cookie/Middleware/EncryptCookies.php(67): Illuminate\\Pipeline\\Pipeline->Illuminate\\Pipeline\\{closure}(Object(Illuminate\\Http\\Request))
#42 /www/wwwroot/www.3cc0.com/vendor/laravel/framework/src/Illuminate/Pipeline/Pipeline.php(171): Illuminate\\Cookie\\Middleware\\EncryptCookies->handle(Object(Illuminate\\Http\\Request), Object(Closure))
#43 /www/wwwroot/www.3cc0.com/vendor/dcat/laravel-admin/src/Http/Middleware/Application.php(15): Illuminate\\Pipeline\\Pipeline->Illuminate\\Pipeline\\{closure}(Object(Illuminate\\Http\\Request))
#44 /www/wwwroot/www.3cc0.com/vendor/laravel/framework/src/Illuminate/Pipeline/Pipeline.php(171): Dcat\\Admin\\Http\\Middleware\\Application->handle(Object(Illuminate\\Http\\Request), Object(Closure), 'admin')
#45 /www/wwwroot/www.3cc0.com/vendor/laravel/framework/src/Illuminate/Pipeline/Pipeline.php(105): Illuminate\\Pipeline\\Pipeline->Illuminate\\Pipeline\\{closure}(Object(Illuminate\\Http\\Request))
#46 /www/wwwroot/www.3cc0.com/vendor/laravel/framework/src/Illuminate/Routing/Router.php(683): Illuminate\\Pipeline\\Pipeline->then(Object(Closure))
#47 /www/wwwroot/www.3cc0.com/vendor/laravel/framework/src/Illuminate/Routing/Router.php(658): Illuminate\\Routing\\Router->runRouteWithinStack(Object(Illuminate\\Routing\\Route), Object(Illuminate\\Http\\Request))
#48 /www/wwwroot/www.3cc0.com/vendor/laravel/framework/src/Illuminate/Routing/Router.php(624): Illuminate\\Routing\\Router->runRoute(Object(Illuminate\\Http\\Request), Object(Illuminate\\Routing\\Route))
#49 /www/wwwroot/www.3cc0.com/vendor/laravel/framework/src/Illuminate/Routing/Router.php(613): Illuminate\\Routing\\Router->dispatchToRoute(Object(Illuminate\\Http\\Request))
#50 /www/wwwroot/www.3cc0.com/vendor/laravel/framework/src/Illuminate/Foundation/Http/Kernel.php(170): Illuminate\\Routing\\Router->dispatch(Object(Illuminate\\Http\\Request))
#51 /www/wwwroot/www.3cc0.com/vendor/laravel/framework/src/Illuminate/Pipeline/Pipeline.php(130): Illuminate\\Foundation\\Http\\Kernel->Illuminate\\Foundation\\Http\\{closure}(Object(Illuminate\\Http\\Request))
#52 /www/wwwroot/www.3cc0.com/vendor/laravel/framework/src/Illuminate/Foundation/Http/Middleware/TransformsRequest.php(21): Illuminate\\Pipeline\\Pipeline->Illuminate\\Pipeline\\{closure}(Object(Illuminate\\Http\\Request))
#53 /www/wwwroot/www.3cc0.com/vendor/laravel/framework/src/Illuminate/Pipeline/Pipeline.php(171): Illuminate\\Foundation\\Http\\Middleware\\TransformsRequest->handle(Object(Illuminate\\Http\\Request), Object(Closure))
#54 /www/wwwroot/www.3cc0.com/vendor/laravel/framework/src/Illuminate/Foundation/Http/Middleware/TransformsRequest.php(21): Illuminate\\Pipeline\\Pipeline->Illuminate\\Pipeline\\{closure}(Object(Illuminate\\Http\\Request))
#55 /www/wwwroot/www.3cc0.com/vendor/laravel/framework/src/Illuminate/Pipeline/Pipeline.php(171): Illuminate\\Foundation\\Http\\Middleware\\TransformsRequest->handle(Object(Illuminate\\Http\\Request), Object(Closure))
#56 /www/wwwroot/www.3cc0.com/vendor/laravel/framework/src/Illuminate/Foundation/Http/Middleware/ValidatePostSize.php(27): Illuminate\\Pipeline\\Pipeline->Illuminate\\Pipeline\\{closure}(Object(Illuminate\\Http\\Request))
#57 /www/wwwroot/www.3cc0.com/vendor/laravel/framework/src/Illuminate/Pipeline/Pipeline.php(171): Illuminate\\Foundation\\Http\\Middleware\\ValidatePostSize->handle(Object(Illuminate\\Http\\Request), Object(Closure))
#58 /www/wwwroot/www.3cc0.com/vendor/laravel/framework/src/Illuminate/Foundation/Http/Middleware/CheckForMaintenanceMode.php(63): Illuminate\\Pipeline\\Pipeline->Illuminate\\Pipeline\\{closure}(Object(Illuminate\\Http\\Request))
#59 /www/wwwroot/www.3cc0.com/vendor/laravel/framework/src/Illuminate/Pipeline/Pipeline.php(171): Illuminate\\Foundation\\Http\\Middleware\\CheckForMaintenanceMode->handle(Object(Illuminate\\Http\\Request), Object(Closure))
#60 /www/wwwroot/www.3cc0.com/vendor/fideloper/proxy/src/TrustProxies.php(57): Illuminate\\Pipeline\\Pipeline->Illuminate\\Pipeline\\{closure}(Object(Illuminate\\Http\\Request))
#61 /www/wwwroot/www.3cc0.com/vendor/laravel/framework/src/Illuminate/Pipeline/Pipeline.php(171): Fideloper\\Proxy\\TrustProxies->handle(Object(Illuminate\\Http\\Request), Object(Closure))
#62 /www/wwwroot/www.3cc0.com/vendor/laravel/framework/src/Illuminate/Pipeline/Pipeline.php(105): Illuminate\\Pipeline\\Pipeline->Illuminate\\Pipeline\\{closure}(Object(Illuminate\\Http\\Request))
#63 /www/wwwroot/www.3cc0.com/vendor/laravel/framework/src/Illuminate/Foundation/Http/Kernel.php(145): Illuminate\\Pipeline\\Pipeline->then(Object(Closure))
#64 /www/wwwroot/www.3cc0.com/vendor/laravel/framework/src/Illuminate/Foundation/Http/Kernel.php(110): Illuminate\\Foundation\\Http\\Kernel->sendRequestThroughRouter(Object(Illuminate\\Http\\Request))
#65 /www/wwwroot/www.3cc0.com/public/index.php(55): Illuminate\\Foundation\\Http\\Kernel->handle(Object(Illuminate\\Http\\Request))
#66 {main}

[previous exception] [object] (ErrorException(code: 0): Array to string conversion at /www/wwwroot/www.3cc0.com/storage/framework/views/612916f21f4e124a3f7a2717e4483f4508eca97a.php:29)
[stacktrace]
#0 [internal function]: Illuminate\\Foundation\\Bootstrap\\HandleExceptions->handleError(8, 'Array to string...', '/www/wwwroot/ww...', 29, Array)
#1 /www/wwwroot/www.3cc0.com/storage/framework/views/612916f21f4e124a3f7a2717e4483f4508eca97a.php(29): join(' ', Array)
#2 /www/wwwroot/www.3cc0.com/vendor/laravel/framework/src/Illuminate/View/Engines/PhpEngine.php(43): include('/www/wwwroot/ww...')
#3 /www/wwwroot/www.3cc0.com/vendor/laravel/framework/src/Illuminate/View/Engines/CompilerEngine.php(59): Illuminate\\View\\Engines\\PhpEngine->evaluatePath('/www/wwwroot/ww...', Array)
#4 /www/wwwroot/www.3cc0.com/vendor/facade/ignition/src/Views/Engines/CompilerEngine.php(36): Illuminate\\View\\Engines\\CompilerEngine->get('/www/wwwroot/ww...', Array)
#5 /www/wwwroot/www.3cc0.com/vendor/laravel/framework/src/Illuminate/View/View.php(143): Facade\\Ignition\\Views\\Engines\\CompilerEngine->get('/www/wwwroot/ww...', Array)
#6 /www/wwwroot/www.3cc0.com/vendor/laravel/framework/src/Illuminate/View/View.php(126): Illuminate\\View\\View->getContents()
#7 /www/wwwroot/www.3cc0.com/vendor/laravel/framework/src/Illuminate/View/View.php(91): Illuminate\\View\\View->renderContents()
#8 /www/wwwroot/www.3cc0.com/storage/framework/views/9450f7593cc3dc6ff40170ef35ee22bd3c1f1fce.php(75): Illuminate\\View\\View->render()
#9 /www/wwwroot/www.3cc0.com/vendor/laravel/framework/src/Illuminate/View/Engines/PhpEngine.php(43): include('/www/wwwroot/ww...')
#10 /www/wwwroot/www.3cc0.com/vendor/laravel/framework/src/Illuminate/View/Engines/CompilerEngine.php(59): Illuminate\\View\\Engines\\PhpEngine->evaluatePath('/www/wwwroot/ww...', Array)
#11 /www/wwwroot/www.3cc0.com/vendor/facade/ignition/src/Views/Engines/CompilerEngine.php(36): Illuminate\\View\\Engines\\CompilerEngine->get('/www/wwwroot/ww...', Array)
#12 /www/wwwroot/www.3cc0.com/vendor/laravel/framework/src/Illuminate/View/View.php(143): Facade\\Ignition\\Views\\Engines\\CompilerEngine->get('/www/wwwroot/ww...', Array)
#13 /www/wwwroot/www.3cc0.com/vendor/laravel/framework/src/Illuminate/View/View.php(126): Illuminate\\View\\View->getContents()
#14 /www/wwwroot/www.3cc0.com/vendor/laravel/framework/src/Illuminate/View/View.php(91): Illuminate\\View\\View->renderContents()
#15 /www/wwwroot/www.3cc0.com/vendor/encore/laravel-admin/src/Layout/Content.php(313): Illuminate\\View\\View->render()
#16 /www/wwwroot/www.3cc0.com/vendor/laravel/framework/src/Illuminate/Http/Response.php(42): Encore\\Admin\\Layout\\Content->render()
#17 /www/wwwroot/www.3cc0.com/vendor/symfony/http-foundation/Response.php(205): Illuminate\\Http\\Response->setContent(Object(Encore\\Admin\\Layout\\Content))
#18 /www/wwwroot/www.3cc0.com/vendor/laravel/framework/src/Illuminate/Routing/ResponseFactory.php(55): Symfony\\Component\\HttpFoundation\\Response->__construct(Object(Encore\\Admin\\Layout\\Content), 200, Array)
#19 /www/wwwroot/www.3cc0.com/vendor/laravel/framework/src/Illuminate/Foundation/helpers.php(762): Illuminate\\Routing\\ResponseFactory->make(Object(Encore\\Admin\\Layout\\Content), 200, Array)
#20 /www/wwwroot/www.3cc0.com/vendor/encore/laravel-admin/src/Auth/Permission.php(87): response(Object(Encore\\Admin\\Layout\\Content))
#21 /www/wwwroot/www.3cc0.com/vendor/encore/laravel-admin/src/Middleware/Permission.php(43): Encore\\Admin\\Auth\\Permission::error()
#22 /www/wwwroot/www.3cc0.com/vendor/laravel/framework/src/Illuminate/Pipeline/Pipeline.php(171): Encore\\Admin\\Middleware\\Permission->handle(Object(Illuminate\\Http\\Request), Object(Closure))
#23 /www/wwwroot/www.3cc0.com/vendor/encore/laravel-admin/src/Middleware/Bootstrap.php(15): Illuminate\\Pipeline\\Pipeline->Illuminate\\Pipeline\\{closure}(Object(Illuminate\\Http\\Request))
#24 /www/wwwroot/www.3cc0.com/vendor/laravel/framework/src/Illuminate/Pipeline/Pipeline.php(171): Encore\\Admin\\Middleware\\Bootstrap->handle(Object(Illuminate\\Http\\Request), Object(Closure))
#25 /www/wwwroot/www.3cc0.com/vendor/encore/laravel-admin/src/Middleware/LogOperation.php(38): Illuminate\\Pipeline\\Pipeline->Illuminate\\Pipeline\\{closure}(Object(Illuminate\\Http\\Request))
#26 /www/wwwroot/www.3cc0.com/vendor/laravel/framework/src/Illuminate/Pipeline/Pipeline.php(171): Encore\\Admin\\Middleware\\LogOperation->handle(Object(Illuminate\\Http\\Request), Object(Closure))
#27 /www/wwwroot/www.3cc0.com/vendor/encore/laravel-admin/src/Middleware/Pjax.php(24): Illuminate\\Pipeline\\Pipeline->Illuminate\\Pipeline\\{closure}(Object(Illuminate\\Http\\Request))
#28 /www/wwwroot/www.3cc0.com/vendor/laravel/framework/src/Illuminate/Pipeline/Pipeline.php(171): Encore\\Admin\\Middleware\\Pjax->handle(Object(Illuminate\\Http\\Request), Object(Closure))
#29 /www/wwwroot/www.3cc0.com/vendor/encore/laravel-admin/src/Middleware/Authenticate.php(28): Illuminate\\Pipeline\\Pipeline->Illuminate\\Pipeline\\{closure}(Object(Illuminate\\Http\\Request))
#30 /www/wwwroot/www.3cc0.com/vendor/laravel/framework/src/Illuminate/Pipeline/Pipeline.php(171): Encore\\Admin\\Middleware\\Authenticate->handle(Object(Illuminate\\Http\\Request), Object(Closure))
#31 /www/wwwroot/www.3cc0.com/vendor/laravel/framework/src/Illuminate/Routing/Middleware/SubstituteBindings.php(41): Illuminate\\Pipeline\\Pipeline->Illuminate\\Pipeline\\{closure}(Object(Illuminate\\Http\\Request))
#32 /www/wwwroot/www.3cc0.com/vendor/laravel/framework/src/Illuminate/Pipeline/Pipeline.php(171): Illuminate\\Routing\\Middleware\\SubstituteBindings->handle(Object(Illuminate\\Http\\Request), Object(Closure))
#33 /www/wwwroot/www.3cc0.com/vendor/laravel/framework/src/Illuminate/Foundation/Http/Middleware/VerifyCsrfToken.php(78): Illuminate\\Pipeline\\Pipeline->Illuminate\\Pipeline\\{closure}(Object(Illuminate\\Http\\Request))
#34 /www/wwwroot/www.3cc0.com/vendor/laravel/framework/src/Illuminate/Pipeline/Pipeline.php(171): Illuminate\\Foundation\\Http\\Middleware\\VerifyCsrfToken->handle(Object(Illuminate\\Http\\Request), Object(Closure))
#35 /www/wwwroot/www.3cc0.com/vendor/laravel/framework/src/Illuminate/View/Middleware/ShareErrorsFromSession.php(49): Illuminate\\Pipeline\\Pipeline->Illuminate\\Pipeline\\{closure}(Object(Illuminate\\Http\\Request))
#36 /www/wwwroot/www.3cc0.com/vendor/laravel/framework/src/Illuminate/Pipeline/Pipeline.php(171): Illuminate\\View\\Middleware\\ShareErrorsFromSession->handle(Object(Illuminate\\Http\\Request), Object(Closure))
#37 /www/wwwroot/www.3cc0.com/vendor/laravel/framework/src/Illuminate/Session/Middleware/StartSession.php(56): Illuminate\\Pipeline\\Pipeline->Illuminate\\Pipeline\\{closure}(Object(Illuminate\\Http\\Request))
#38 /www/wwwroot/www.3cc0.com/vendor/laravel/framework/src/Illuminate/Pipeline/Pipeline.php(171): Illuminate\\Session\\Middleware\\StartSession->handle(Object(Illuminate\\Http\\Request), Object(Closure))
#39 /www/wwwroot/www.3cc0.com/vendor/laravel/framework/src/Illuminate/Cookie/Middleware/AddQueuedCookiesToResponse.php(37): Illuminate\\Pipeline\\Pipeline->Illuminate\\Pipeline\\{closure}(Object(Illuminate\\Http\\Request))
#40 /www/wwwroot/www.3cc0.com/vendor/laravel/framework/src/Illuminate/Pipeline/Pipeline.php(171): Illuminate\\Cookie\\Middleware\\AddQueuedCookiesToResponse->handle(Object(Illuminate\\Http\\Request), Object(Closure))
#41 /www/wwwroot/www.3cc0.com/vendor/laravel/framework/src/Illuminate/Cookie/Middleware/EncryptCookies.php(67): Illuminate\\Pipeline\\Pipeline->Illuminate\\Pipeline\\{closure}(Object(Illuminate\\Http\\Request))
#42 /www/wwwroot/www.3cc0.com/vendor/laravel/framework/src/Illuminate/Pipeline/Pipeline.php(171): Illuminate\\Cookie\\Middleware\\EncryptCookies->handle(Object(Illuminate\\Http\\Request), Object(Closure))
#43 /www/wwwroot/www.3cc0.com/vendor/dcat/laravel-admin/src/Http/Middleware/Application.php(15): Illuminate\\Pipeline\\Pipeline->Illuminate\\Pipeline\\{closure}(Object(Illuminate\\Http\\Request))
#44 /www/wwwroot/www.3cc0.com/vendor/laravel/framework/src/Illuminate/Pipeline/Pipeline.php(171): Dcat\\Admin\\Http\\Middleware\\Application->handle(Object(Illuminate\\Http\\Request), Object(Closure), 'admin')
#45 /www/wwwroot/www.3cc0.com/vendor/laravel/framework/src/Illuminate/Pipeline/Pipeline.php(105): Illuminate\\Pipeline\\Pipeline->Illuminate\\Pipeline\\{closure}(Object(Illuminate\\Http\\Request))
#46 /www/wwwroot/www.3cc0.com/vendor/laravel/framework/src/Illuminate/Routing/Router.php(683): Illuminate\\Pipeline\\Pipeline->then(Object(Closure))
#47 /www/wwwroot/www.3cc0.com/vendor/laravel/framework/src/Illuminate/Routing/Router.php(658): Illuminate\\Routing\\Router->runRouteWithinStack(Object(Illuminate\\Routing\\Route), Object(Illuminate\\Http\\Request))
#48 /www/wwwroot/www.3cc0.com/vendor/laravel/framework/src/Illuminate/Routing/Router.php(624): Illuminate\\Routing\\Router->runRoute(Object(Illuminate\\Http\\Request), Object(Illuminate\\Routing\\Route))
#49 /www/wwwroot/www.3cc0.com/vendor/laravel/framework/src/Illuminate/Routing/Router.php(613): Illuminate\\Routing\\Router->dispatchToRoute(Object(Illuminate\\Http\\Request))
#50 /www/wwwroot/www.3cc0.com/vendor/laravel/framework/src/Illuminate/Foundation/Http/Kernel.php(170): Illuminate\\Routing\\Router->dispatch(Object(Illuminate\\Http\\Request))
#51 /www/wwwroot/www.3cc0.com/vendor/laravel/framework/src/Illuminate/Pipeline/Pipeline.php(130): Illuminate\\Foundation\\Http\\Kernel->Illuminate\\Foundation\\Http\\{closure}(Object(Illuminate\\Http\\Request))
#52 /www/wwwroot/www.3cc0.com/vendor/laravel/framework/src/Illuminate/Foundation/Http/Middleware/TransformsRequest.php(21): Illuminate\\Pipeline\\Pipeline->Illuminate\\Pipeline\\{closure}(Object(Illuminate\\Http\\Request))
#53 /www/wwwroot/www.3cc0.com/vendor/laravel/framework/src/Illuminate/Pipeline/Pipeline.php(171): Illuminate\\Foundation\\Http\\Middleware\\TransformsRequest->handle(Object(Illuminate\\Http\\Request), Object(Closure))
#54 /www/wwwroot/www.3cc0.com/vendor/laravel/framework/src/Illuminate/Foundation/Http/Middleware/TransformsRequest.php(21): Illuminate\\Pipeline\\Pipeline->Illuminate\\Pipeline\\{closure}(Object(Illuminate\\Http\\Request))
#55 /www/wwwroot/www.3cc0.com/vendor/laravel/framework/src/Illuminate/Pipeline/Pipeline.php(171): Illuminate\\Foundation\\Http\\Middleware\\TransformsRequest->handle(Object(Illuminate\\Http\\Request), Object(Closure))
#56 /www/wwwroot/www.3cc0.com/vendor/laravel/framework/src/Illuminate/Foundation/Http/Middleware/ValidatePostSize.php(27): Illuminate\\Pipeline\\Pipeline->Illuminate\\Pipeline\\{closure}(Object(Illuminate\\Http\\Request))
#57 /www/wwwroot/www.3cc0.com/vendor/laravel/framework/src/Illuminate/Pipeline/Pipeline.php(171): Illuminate\\Foundation\\Http\\Middleware\\ValidatePostSize->handle(Object(Illuminate\\Http\\Request), Object(Closure))
#58 /www/wwwroot/www.3cc0.com/vendor/laravel/framework/src/Illuminate/Foundation/Http/Middleware/CheckForMaintenanceMode.php(63): Illuminate\\Pipeline\\Pipeline->Illuminate\\Pipeline\\{closure}(Object(Illuminate\\Http\\Request))
#59 /www/wwwroot/www.3cc0.com/vendor/laravel/framework/src/Illuminate/Pipeline/Pipeline.php(171): Illuminate\\Foundation\\Http\\Middleware\\CheckForMaintenanceMode->handle(Object(Illuminate\\Http\\Request), Object(Closure))
#60 /www/wwwroot/www.3cc0.com/vendor/fideloper/proxy/src/TrustProxies.php(57): Illuminate\\Pipeline\\Pipeline->Illuminate\\Pipeline\\{closure}(Object(Illuminate\\Http\\Request))
#61 /www/wwwroot/www.3cc0.com/vendor/laravel/framework/src/Illuminate/Pipeline/Pipeline.php(171): Fideloper\\Proxy\\TrustProxies->handle(Object(Illuminate\\Http\\Request), Object(Closure))
#62 /www/wwwroot/www.3cc0.com/vendor/laravel/framework/src/Illuminate/Pipeline/Pipeline.php(105): Illuminate\\Pipeline\\Pipeline->Illuminate\\Pipeline\\{closure}(Object(Illuminate\\Http\\Request))
#63 /www/wwwroot/www.3cc0.com/vendor/laravel/framework/src/Illuminate/Foundation/Http/Kernel.php(145): Illuminate\\Pipeline\\Pipeline->then(Object(Closure))
#64 /www/wwwroot/www.3cc0.com/vendor/laravel/framework/src/Illuminate/Foundation/Http/Kernel.php(110): Illuminate\\Foundation\\Http\\Kernel->sendRequestThroughRouter(Object(Illuminate\\Http\\Request))
#65 /www/wwwroot/www.3cc0.com/public/index.php(55): Illuminate\\Foundation\\Http\\Kernel->handle(Object(Illuminate\\Http\\Request))
#66 {main}
"} 
[2023-05-15 00:27:44] local.ERROR: The "--config" option does not exist. {"exception":"[object] (Symfony\\Component\\Console\\Exception\\RuntimeException(code: 0): The \"--config\" option does not exist. at /www/wwwroot/www.3cc0.com/vendor/symfony/console/Input/ArgvInput.php:201)
[stacktrace]
#0 /www/wwwroot/www.3cc0.com/vendor/symfony/console/Input/ArgvInput.php(145): Symfony\\Component\\Console\\Input\\ArgvInput->addLongOption('config', NULL)
#1 /www/wwwroot/www.3cc0.com/vendor/symfony/console/Input/ArgvInput.php(79): Symfony\\Component\\Console\\Input\\ArgvInput->parseLongOption('--config')
#2 /www/wwwroot/www.3cc0.com/vendor/symfony/console/Input/Input.php(55): Symfony\\Component\\Console\\Input\\ArgvInput->parse()
#3 /www/wwwroot/www.3cc0.com/vendor/symfony/console/Command/Command.php(214): Symfony\\Component\\Console\\Input\\Input->bind(Object(Symfony\\Component\\Console\\Input\\InputDefinition))
#4 /www/wwwroot/www.3cc0.com/vendor/laravel/framework/src/Illuminate/Console/Command.php(121): Symfony\\Component\\Console\\Command\\Command->run(Object(Symfony\\Component\\Console\\Input\\ArgvInput), Object(Illuminate\\Console\\OutputStyle))
#5 /www/wwwroot/www.3cc0.com/vendor/symfony/console/Application.php(1021): Illuminate\\Console\\Command->run(Object(Symfony\\Component\\Console\\Input\\ArgvInput), Object(Symfony\\Component\\Console\\Output\\ConsoleOutput))
#6 /www/wwwroot/www.3cc0.com/vendor/symfony/console/Application.php(275): Symfony\\Component\\Console\\Application->doRunCommand(Object(Encore\\Admin\\Console\\PublishCommand), Object(Symfony\\Component\\Console\\Input\\ArgvInput), Object(Symfony\\Component\\Console\\Output\\ConsoleOutput))
#7 /www/wwwroot/www.3cc0.com/vendor/symfony/console/Application.php(149): Symfony\\Component\\Console\\Application->doRun(Object(Symfony\\Component\\Console\\Input\\ArgvInput), Object(Symfony\\Component\\Console\\Output\\ConsoleOutput))
#8 /www/wwwroot/www.3cc0.com/vendor/laravel/framework/src/Illuminate/Console/Application.php(93): Symfony\\Component\\Console\\Application->run(Object(Symfony\\Component\\Console\\Input\\ArgvInput), Object(Symfony\\Component\\Console\\Output\\ConsoleOutput))
#9 /www/wwwroot/www.3cc0.com/vendor/laravel/framework/src/Illuminate/Foundation/Console/Kernel.php(131): Illuminate\\Console\\Application->run(Object(Symfony\\Component\\Console\\Input\\ArgvInput), Object(Symfony\\Component\\Console\\Output\\ConsoleOutput))
#10 /www/wwwroot/www.3cc0.com/artisan(37): Illuminate\\Foundation\\Console\\Kernel->handle(Object(Symfony\\Component\\Console\\Input\\ArgvInput), Object(Symfony\\Component\\Console\\Output\\ConsoleOutput))
#11 {main}
"} 
[2023-05-15 05:21:44] local.ERROR: Not enough arguments (missing: "action"). {"exception":"[object] (Symfony\\Component\\Console\\Exception\\RuntimeException(code: 0): Not enough arguments (missing: \"action\"). at /www/wwwroot/www.3cc0.com/vendor/symfony/console/Input/Input.php:76)
[stacktrace]
#0 /www/wwwroot/www.3cc0.com/vendor/symfony/console/Command/Command.php(250): Symfony\\Component\\Console\\Input\\Input->validate()
#1 /www/wwwroot/www.3cc0.com/vendor/laravel/framework/src/Illuminate/Console/Command.php(121): Symfony\\Component\\Console\\Command\\Command->run(Object(Symfony\\Component\\Console\\Input\\ArgvInput), Object(Illuminate\\Console\\OutputStyle))
#2 /www/wwwroot/www.3cc0.com/vendor/symfony/console/Application.php(1021): Illuminate\\Console\\Command->run(Object(Symfony\\Component\\Console\\Input\\ArgvInput), Object(Symfony\\Component\\Console\\Output\\ConsoleOutput))
#3 /www/wwwroot/www.3cc0.com/vendor/symfony/console/Application.php(275): Symfony\\Component\\Console\\Application->doRunCommand(Object(App\\Console\\Commands\\queryHtml), Object(Symfony\\Component\\Console\\Input\\ArgvInput), Object(Symfony\\Component\\Console\\Output\\ConsoleOutput))
#4 /www/wwwroot/www.3cc0.com/vendor/symfony/console/Application.php(149): Symfony\\Component\\Console\\Application->doRun(Object(Symfony\\Component\\Console\\Input\\ArgvInput), Object(Symfony\\Component\\Console\\Output\\ConsoleOutput))
#5 /www/wwwroot/www.3cc0.com/vendor/laravel/framework/src/Illuminate/Console/Application.php(93): Symfony\\Component\\Console\\Application->run(Object(Symfony\\Component\\Console\\Input\\ArgvInput), Object(Symfony\\Component\\Console\\Output\\ConsoleOutput))
#6 /www/wwwroot/www.3cc0.com/vendor/laravel/framework/src/Illuminate/Foundation/Console/Kernel.php(131): Illuminate\\Console\\Application->run(Object(Symfony\\Component\\Console\\Input\\ArgvInput), Object(Symfony\\Component\\Console\\Output\\ConsoleOutput))
#7 /www/wwwroot/www.3cc0.com/artisan(37): Illuminate\\Foundation\\Console\\Kernel->handle(Object(Symfony\\Component\\Console\\Input\\ArgvInput), Object(Symfony\\Component\\Console\\Output\\ConsoleOutput))
#8 {main}
"} 
